app/manifest-merger-release-report.txt
-- Merging decision tree log ---
manifest
ADDED from AndroidManifest.xml:2:1
	package
		ADDED from AndroidManifest.xml:2:70
		INJECTED from AndroidManifest.xml:0:0
		INJECTED from AndroidManifest.xml:0:0
	android:versionName
		INJECTED from AndroidManifest.xml:0:0
		INJECTED from AndroidManifest.xml:0:0
	xmlns:android
		ADDED from AndroidManifest.xml:2:11
	android:versionCode
		INJECTED from AndroidManifest.xml:0:0
		INJECTED from AndroidManifest.xml:0:0
uses-permission#android.permission.INTERNET
ADDED from AndroidManifest.xml:4:5
MERGED from com.google.android.gms:play-services-ads:8.1.0:20:5
MERGED from com.google.android.gms:play-services-analytics:8.1.0:21:5
MERGED from com.google.android.gms:play-services-ads:8.1.0:20:5
MERGED from com.google.android.gms:play-services-appinvite:8.1.0:19:5
MERGED from com.google.android.gms:play-services-maps:8.1.0:21:5
MERGED from com.google.android.gms:play-services-gcm:8.1.0:22:5
MERGED from com.google.android.gms:play-services-maps:8.1.0:21:5
MERGED from com.google.android.gms:play-services-maps:8.1.0:21:5
MERGED from com.google.android.gms:play-services-measurement:8.1.0:21:5
MERGED from com.google.android.gms:play-services-analytics:8.1.0:21:5
MERGED from com.google.android.gms:play-services-ads:8.1.0:20:5
MERGED from com.google.android.gms:play-services-wallet:8.1.0:20:5
MERGED from com.google.android.gms:play-services-maps:8.1.0:21:5
	android:name
		ADDED from AndroidManifest.xml:4:22
uses-permission#android.permission.WRITE_EXTERNAL_STORAGE
ADDED from AndroidManifest.xml:5:5
MERGED from com.google.android.gms:play-services-maps:8.1.0:22:5
MERGED from com.google.android.gms:play-services-maps:8.1.0:22:5
MERGED from com.google.android.gms:play-services-maps:8.1.0:22:5
MERGED from com.google.android.gms:play-services-maps:8.1.0:22:5
	android:name
		ADDED from AndroidManifest.xml:5:22
uses-permission#android.permission.READ_EXTERNAL_STORAGE
ADDED from AndroidManifest.xml:6:5
	android:name
		ADDED from AndroidManifest.xml:6:22
uses-permission#android.permission.ACCESS_COARSE_LOCATION
ADDED from AndroidManifest.xml:7:5
	android:name
		ADDED from AndroidManifest.xml:7:22
uses-permission#android.permission.ACCESS_FINE_LOCATION
ADDED from AndroidManifest.xml:8:5
	android:name
		ADDED from AndroidManifest.xml:8:22
uses-permission#android.permission.CHANGE_WIFI_STATE
ADDED from AndroidManifest.xml:9:5
	android:name
		ADDED from AndroidManifest.xml:9:22
uses-permission#android.permission.ACCESS_NETWORK_STATE
ADDED from AndroidManifest.xml:10:5
MERGED from com.google.android.gms:play-services-ads:8.1.0:21:5
MERGED from com.google.android.gms:play-services-analytics:8.1.0:22:5
MERGED from com.google.android.gms:play-services-ads:8.1.0:21:5
MERGED from com.google.android.gms:play-services-maps:8.1.0:20:5
MERGED from com.google.android.gms:play-services-maps:8.1.0:20:5
MERGED from com.google.android.gms:play-services-maps:8.1.0:20:5
MERGED from com.google.android.gms:play-services-measurement:8.1.0:22:5
MERGED from com.google.android.gms:play-services-analytics:8.1.0:22:5
MERGED from com.google.android.gms:play-services-ads:8.1.0:21:5
MERGED from com.google.android.gms:play-services-nearby:8.1.0:19:5
MERGED from com.google.android.gms:play-services-maps:8.1.0:20:5
	android:name
		ADDED from AndroidManifest.xml:10:22
uses-permission#android.permission.ACCESS_WIFI_STATE
ADDED from AndroidManifest.xml:11:5
	android:name
		ADDED from AndroidManifest.xml:11:22
uses-permission#android.permission.READ_PHONE_STATE
ADDED from AndroidManifest.xml:12:5
	android:name
		ADDED from AndroidManifest.xml:12:22
uses-permission#com.google.android.provides.gsf.permission.READ_GSERVICES
ADDED from AndroidManifest.xml:13:5
	android:name
		ADDED from AndroidManifest.xml:13:22
uses-permission#android.permission.SYSTEM_ALERT_WINDOW
ADDED from AndroidManifest.xml:14:5
	android:name
		ADDED from AndroidManifest.xml:14:22
uses-permission#android.permission.VIBRATE
ADDED from AndroidManifest.xml:15:5
	android:name
		ADDED from AndroidManifest.xml:15:22
uses-permission#android.permission.WAKE_LOCK
ADDED from AndroidManifest.xml:16:5
MERGED from com.google.android.gms:play-services-measurement:8.1.0:24:5
	android:name
		ADDED from AndroidManifest.xml:16:22
permission#cl.tdc.felipe.tdc.permission.MAP_RECEIVE
ADDED from AndroidManifest.xml:18:5
	android:protectionLevel
		ADDED from AndroidManifest.xml:18:73
	android:name
		ADDED from AndroidManifest.xml:18:17
uses-permission#cl.tdc.felipe.tdc.permission.MAP_RECEIVE
ADDED from AndroidManifest.xml:19:5
	android:name
		ADDED from AndroidManifest.xml:19:22
uses-feature#0x00020000
ADDED from AndroidManifest.xml:22:5
MERGED from com.google.android.gms:play-services-maps:8.1.0:23:5
MERGED from com.google.android.gms:play-services-maps:8.1.0:23:5
MERGED from com.google.android.gms:play-services-maps:8.1.0:23:5
MERGED from com.google.android.gms:play-services-maps:8.1.0:23:5
	android:glEsVersion
		ADDED from AndroidManifest.xml:23:9
	android:required
		ADDED from AndroidManifest.xml:24:9
application
ADDED from AndroidManifest.xml:26:5
MERGED from com.android.support:appcompat-v7:22.2.0:22:5
MERGED from com.android.support:support-v4:22.2.0:22:5
MERGED from com.android.support:cardview-v7:22.0.0:22:5
MERGED from com.android.support:recyclerview-v7:22.0.0:22:5
MERGED from com.android.support:support-v4:22.2.0:22:5
MERGED from com.google.android.gms:play-services:8.1.0:19:5
MERGED from com.google.android.gms:play-services-ads:8.1.0:24:5
MERGED from com.google.android.gms:play-services-basement:8.1.0:20:5
MERGED from com.android.support:support-v4:22.2.0:22:5
MERGED from com.google.android.gms:play-services-appindexing:8.1.0:19:5
MERGED from com.google.android.gms:play-services-basement:8.1.0:20:5
MERGED from com.android.support:support-v4:22.2.0:22:5
MERGED from com.google.android.gms:play-services-analytics:8.1.0:24:5
MERGED from com.google.android.gms:play-services-basement:8.1.0:20:5
MERGED from com.android.support:support-v4:22.2.0:22:5
MERGED from com.google.android.gms:play-services-ads:8.1.0:24:5
MERGED from com.google.android.gms:play-services-basement:8.1.0:20:5
MERGED from com.android.support:support-v4:22.2.0:22:5
MERGED from com.google.android.gms:play-services-appindexing:8.1.0:19:5
MERGED from com.google.android.gms:play-services-basement:8.1.0:20:5
MERGED from com.android.support:support-v4:22.2.0:22:5
MERGED from com.google.android.gms:play-services-appindexing:8.1.0:19:5
MERGED from com.google.android.gms:play-services-basement:8.1.0:20:5
MERGED from com.android.support:support-v4:22.2.0:22:5
MERGED from com.google.android.gms:play-services-appinvite:8.1.0:20:5
MERGED from com.google.android.gms:play-services-basement:8.1.0:20:5
MERGED from com.android.support:support-v4:22.2.0:22:5
MERGED from com.google.android.gms:play-services-appstate:8.1.0:19:5
MERGED from com.google.android.gms:play-services-basement:8.1.0:20:5
MERGED from com.android.support:support-v4:22.2.0:22:5
MERGED from com.google.android.gms:play-services-basement:8.1.0:20:5
MERGED from com.android.support:support-v4:22.2.0:22:5
MERGED from com.google.android.gms:play-services-basement:8.1.0:20:5
MERGED from com.android.support:support-v4:22.2.0:22:5
MERGED from com.google.android.gms:play-services-cast:8.1.0:19:5
MERGED from com.google.android.gms:play-services-basement:8.1.0:20:5
MERGED from com.android.support:support-v4:22.2.0:22:5
MERGED from com.android.support:mediarouter-v7:22.2.0:22:5
MERGED from com.android.support:appcompat-v7:22.2.0:22:5
MERGED from com.android.support:support-v4:22.2.0:22:5
MERGED from com.google.android.gms:play-services-drive:8.1.0:19:5
MERGED from com.google.android.gms:play-services-basement:8.1.0:20:5
MERGED from com.android.support:support-v4:22.2.0:22:5
MERGED from com.google.android.gms:play-services-fitness:8.1.0:19:5
MERGED from com.google.android.gms:play-services-basement:8.1.0:20:5
MERGED from com.android.support:support-v4:22.2.0:22:5
MERGED from com.google.android.gms:play-services-location:8.1.0:19:5
MERGED from com.google.android.gms:play-services-basement:8.1.0:20:5
MERGED from com.android.support:support-v4:22.2.0:22:5
MERGED from com.google.android.gms:play-services-maps:8.1.0:28:5
MERGED from com.google.android.gms:play-services-basement:8.1.0:20:5
MERGED from com.android.support:support-v4:22.2.0:22:5
MERGED from com.google.android.gms:play-services-games:8.1.0:19:5
MERGED from com.google.android.gms:play-services-basement:8.1.0:20:5
MERGED from com.android.support:support-v4:22.2.0:22:5
MERGED from com.google.android.gms:play-services-drive:8.1.0:19:5
MERGED from com.google.android.gms:play-services-basement:8.1.0:20:5
MERGED from com.android.support:support-v4:22.2.0:22:5
MERGED from com.google.android.gms:play-services-gcm:8.1.0:24:5
MERGED from com.google.android.gms:play-services-basement:8.1.0:20:5
MERGED from com.android.support:support-v4:22.2.0:22:5
MERGED from com.google.android.gms:play-services-identity:8.1.0:19:5
MERGED from com.google.android.gms:play-services-basement:8.1.0:20:5
MERGED from com.android.support:support-v4:22.2.0:22:5
MERGED from com.google.android.gms:play-services-location:8.1.0:19:5
MERGED from com.google.android.gms:play-services-basement:8.1.0:20:5
MERGED from com.android.support:support-v4:22.2.0:22:5
MERGED from com.google.android.gms:play-services-maps:8.1.0:28:5
MERGED from com.google.android.gms:play-services-basement:8.1.0:20:5
MERGED from com.android.support:support-v4:22.2.0:22:5
MERGED from com.google.android.gms:play-services-maps:8.1.0:28:5
MERGED from com.google.android.gms:play-services-basement:8.1.0:20:5
MERGED from com.android.support:support-v4:22.2.0:22:5
MERGED from com.google.android.gms:play-services-measurement:8.1.0:26:5
MERGED from com.google.android.gms:play-services-basement:8.1.0:20:5
MERGED from com.android.support:support-v4:22.2.0:22:5
MERGED from com.google.android.gms:play-services-analytics:8.1.0:24:5
MERGED from com.google.android.gms:play-services-basement:8.1.0:20:5
MERGED from com.android.support:support-v4:22.2.0:22:5
MERGED from com.google.android.gms:play-services-ads:8.1.0:24:5
MERGED from com.google.android.gms:play-services-basement:8.1.0:20:5
MERGED from com.android.support:support-v4:22.2.0:22:5
MERGED from com.google.android.gms:play-services-appindexing:8.1.0:19:5
MERGED from com.google.android.gms:play-services-basement:8.1.0:20:5
MERGED from com.android.support:support-v4:22.2.0:22:5
MERGED from com.google.android.gms:play-services-nearby:8.1.0:20:5
MERGED from com.google.android.gms:play-services-basement:8.1.0:20:5
MERGED from com.android.support:support-v4:22.2.0:22:5
MERGED from com.google.android.gms:play-services-panorama:8.1.0:19:5
MERGED from com.google.android.gms:play-services-basement:8.1.0:20:5
MERGED from com.android.support:support-v4:22.2.0:22:5
MERGED from com.google.android.gms:play-services-plus:8.1.0:19:5
MERGED from com.google.android.gms:play-services-basement:8.1.0:20:5
MERGED from com.android.support:support-v4:22.2.0:22:5
MERGED from com.google.android.gms:play-services-safetynet:8.1.0:19:5
MERGED from com.google.android.gms:play-services-basement:8.1.0:20:5
MERGED from com.android.support:support-v4:22.2.0:22:5
MERGED from com.google.android.gms:play-services-vision:8.1.0:5:5
MERGED from com.google.android.gms:play-services-basement:8.1.0:20:5
MERGED from com.android.support:support-v4:22.2.0:22:5
MERGED from com.google.android.gms:play-services-basement:8.1.0:20:5
MERGED from com.android.support:support-v4:22.2.0:22:5
MERGED from com.google.android.gms:play-services-identity:8.1.0:19:5
MERGED from com.google.android.gms:play-services-basement:8.1.0:20:5
MERGED from com.android.support:support-v4:22.2.0:22:5
MERGED from com.google.android.gms:play-services-maps:8.1.0:28:5
MERGED from com.google.android.gms:play-services-basement:8.1.0:20:5
MERGED from com.android.support:support-v4:22.2.0:22:5
MERGED from com.google.android.gms:play-services-wearable:8.1.0:19:5
MERGED from com.google.android.gms:play-services-basement:8.1.0:20:5
MERGED from com.android.support:support-v4:22.2.0:22:5
MERGED from com.journeyapps:zxing-android-embedded:2.3.0:48:5
MERGED from com.journeyapps:zxing-android-integration:2.3.0:9:5
MERGED from com.github.gcacace:signature-pad:1.0.1:11:5
MERGED from com.balysv:material-ripple:1.0.2:12:5
	android:label
		ADDED from AndroidManifest.xml:29:9
	android:allowBackup
		ADDED from AndroidManifest.xml:27:9
	android:icon
		ADDED from AndroidManifest.xml:28:9
	android:theme
		ADDED from AndroidManifest.xml:30:9
service#cl.tdc.felipe.tdc.daemon.WifiTrackerTDC
ADDED from AndroidManifest.xml:32:9
	android:name
		ADDED from AndroidManifest.xml:32:18
service#cl.tdc.felipe.tdc.daemon.PositionTrackerTDC
ADDED from AndroidManifest.xml:33:9
	android:name
		ADDED from AndroidManifest.xml:33:18
meta-data#com.google.android.maps.v2.API_KEY
ADDED from AndroidManifest.xml:35:9
	android:value
		ADDED from AndroidManifest.xml:37:13
	android:name
		ADDED from AndroidManifest.xml:36:13
meta-data#com.google.android.gms.version
ADDED from AndroidManifest.xml:39:9
MERGED from com.google.android.gms:play-services-basement:8.1.0:21:9
MERGED from com.google.android.gms:play-services-basement:8.1.0:21:9
MERGED from com.google.android.gms:play-services-basement:8.1.0:21:9
MERGED from com.google.android.gms:play-services-basement:8.1.0:21:9
MERGED from com.google.android.gms:play-services-basement:8.1.0:21:9
MERGED from com.google.android.gms:play-services-basement:8.1.0:21:9
MERGED from com.google.android.gms:play-services-basement:8.1.0:21:9
MERGED from com.google.android.gms:play-services-basement:8.1.0:21:9
MERGED from com.google.android.gms:play-services-basement:8.1.0:21:9
MERGED from com.google.android.gms:play-services-basement:8.1.0:21:9
MERGED from com.google.android.gms:play-services-basement:8.1.0:21:9
MERGED from com.google.android.gms:play-services-basement:8.1.0:21:9
MERGED from com.google.android.gms:play-services-basement:8.1.0:21:9
MERGED from com.google.android.gms:play-services-basement:8.1.0:21:9
MERGED from com.google.android.gms:play-services-basement:8.1.0:21:9
MERGED from com.google.android.gms:play-services-basement:8.1.0:21:9
MERGED from com.google.android.gms:play-services-basement:8.1.0:21:9
MERGED from com.google.android.gms:play-services-basement:8.1.0:21:9
MERGED from com.google.android.gms:play-services-basement:8.1.0:21:9
MERGED from com.google.android.gms:play-services-basement:8.1.0:21:9
MERGED from com.google.android.gms:play-services-basement:8.1.0:21:9
MERGED from com.google.android.gms:play-services-basement:8.1.0:21:9
MERGED from com.google.android.gms:play-services-basement:8.1.0:21:9
MERGED from com.google.android.gms:play-services-basement:8.1.0:21:9
MERGED from com.google.android.gms:play-services-basement:8.1.0:21:9
MERGED from com.google.android.gms:play-services-basement:8.1.0:21:9
MERGED from com.google.android.gms:play-services-basement:8.1.0:21:9
MERGED from com.google.android.gms:play-services-basement:8.1.0:21:9
MERGED from com.google.android.gms:play-services-basement:8.1.0:21:9
MERGED from com.google.android.gms:play-services-basement:8.1.0:21:9
MERGED from com.google.android.gms:play-services-basement:8.1.0:21:9
MERGED from com.google.android.gms:play-services-basement:8.1.0:21:9
MERGED from com.google.android.gms:play-services-basement:8.1.0:21:9
MERGED from com.google.android.gms:play-services-basement:8.1.0:21:9
MERGED from com.google.android.gms:play-services-basement:8.1.0:21:9
	android:value
		ADDED from AndroidManifest.xml:41:13
	android:name
		ADDED from AndroidManifest.xml:40:13
activity#cl.tdc.felipe.tdc.MainActivity
ADDED from AndroidManifest.xml:44:9
	android:screenOrientation
		ADDED from AndroidManifest.xml:44:81
	android:label
		ADDED from AndroidManifest.xml:44:48
	android:name
		ADDED from AndroidManifest.xml:44:19
intent-filter#android.intent.action.MAIN+android.intent.category.LAUNCHER
ADDED from AndroidManifest.xml:45:13
action#android.intent.action.MAIN
ADDED from AndroidManifest.xml:46:17
	android:name
		ADDED from AndroidManifest.xml:46:25
category#android.intent.category.LAUNCHER
ADDED from AndroidManifest.xml:47:17
	android:name
		ADDED from AndroidManifest.xml:47:27
activity#cl.tdc.felipe.tdc.AgendaActivity
ADDED from AndroidManifest.xml:51:9
	android:screenOrientation
		ADDED from AndroidManifest.xml:51:50
	android:name
		ADDED from AndroidManifest.xml:51:19
activity#cl.tdc.felipe.tdc.AveriaActivity
ADDED from AndroidManifest.xml:52:9
	android:screenOrientation
		ADDED from AndroidManifest.xml:52:50
	android:name
		ADDED from AndroidManifest.xml:52:19
activity#cl.tdc.felipe.tdc.CercanosActivity
ADDED from AndroidManifest.xml:53:9
	android:screenOrientation
		ADDED from AndroidManifest.xml:53:52
	android:name
		ADDED from AndroidManifest.xml:53:19
activity#cl.tdc.felipe.tdc.FormCheckActivity
ADDED from AndroidManifest.xml:54:9
	android:screenOrientation
		ADDED from AndroidManifest.xml:54:53
	android:name
		ADDED from AndroidManifest.xml:54:19
activity#cl.tdc.felipe.tdc.Seguimiento
ADDED from AndroidManifest.xml:55:9
	android:screenOrientation
		ADDED from AndroidManifest.xml:55:47
	android:name
		ADDED from AndroidManifest.xml:55:19
activity#cl.tdc.felipe.tdc.DetalleProyecto1
ADDED from AndroidManifest.xml:56:9
	android:screenOrientation
		ADDED from AndroidManifest.xml:56:52
	android:name
		ADDED from AndroidManifest.xml:56:19
activity#cl.tdc.felipe.tdc.FormCheckSecurity
ADDED from AndroidManifest.xml:57:9
	android:screenOrientation
		ADDED from AndroidManifest.xml:57:53
	android:name
		ADDED from AndroidManifest.xml:57:19
activity#cl.tdc.felipe.tdc.FormCheckMaintenance
ADDED from AndroidManifest.xml:58:9
	android:screenOrientation
		ADDED from AndroidManifest.xml:58:56
	android:name
		ADDED from AndroidManifest.xml:58:19
activity#cl.tdc.felipe.tdc.RelevarActivity
ADDED from AndroidManifest.xml:59:9
	android:screenOrientation
		ADDED from AndroidManifest.xml:59:51
	android:name
		ADDED from AndroidManifest.xml:59:19
activity#cl.tdc.felipe.tdc.RelevarRecomendadoActivity
ADDED from AndroidManifest.xml:60:9
	android:screenOrientation
		ADDED from AndroidManifest.xml:60:62
	android:name
		ADDED from AndroidManifest.xml:60:19
activity#cl.tdc.felipe.tdc.PreAsBuiltActivity
ADDED from AndroidManifest.xml:61:9
	android:screenOrientation
		ADDED from AndroidManifest.xml:61:54
	android:name
		ADDED from AndroidManifest.xml:61:19
activity#cl.tdc.felipe.tdc.FormPreAsBuiltActivityRF
ADDED from AndroidManifest.xml:62:9
	android:screenOrientation
		ADDED from AndroidManifest.xml:62:60
	android:name
		ADDED from AndroidManifest.xml:62:19
activity#cl.tdc.felipe.tdc.FormPreAsBuiltActivityMW
ADDED from AndroidManifest.xml:63:9
	android:screenOrientation
		ADDED from AndroidManifest.xml:63:60
	android:name
		ADDED from AndroidManifest.xml:63:19
activity#cl.tdc.felipe.tdc.RFAerials
ADDED from AndroidManifest.xml:64:9
	android:screenOrientation
		ADDED from AndroidManifest.xml:64:45
	android:name
		ADDED from AndroidManifest.xml:64:19
activity#cl.tdc.felipe.tdc.MWAerials
ADDED from AndroidManifest.xml:65:9
	android:screenOrientation
		ADDED from AndroidManifest.xml:65:45
	android:name
		ADDED from AndroidManifest.xml:65:19
activity#cl.tdc.felipe.tdc.ActividadCierreActivity
ADDED from AndroidManifest.xml:67:9
	android:screenOrientation
		ADDED from AndroidManifest.xml:67:59
	android:name
		ADDED from AndroidManifest.xml:67:19
activity#cl.tdc.felipe.tdc.ActividadCierreFormActivity
ADDED from AndroidManifest.xml:68:9
	android:screenOrientation
		ADDED from AndroidManifest.xml:68:63
	android:name
		ADDED from AndroidManifest.xml:68:19
uses-sdk
INJECTED from AndroidManifest.xml:0:0 reason: use-sdk injection requested
MERGED from com.android.support:appcompat-v7:22.2.0:20:5
MERGED from com.android.support:support-v4:22.2.0:20:5
MERGED from com.android.support:cardview-v7:22.0.0:20:5
MERGED from com.android.support:recyclerview-v7:22.0.0:20:5
MERGED from com.android.support:support-v4:22.2.0:20:5
MERGED from com.google.android.gms:play-services:8.1.0:18:5
MERGED from com.google.android.gms:play-services-ads:8.1.0:23:5
MERGED from com.google.android.gms:play-services-basement:8.1.0:18:5
MERGED from com.android.support:support-v4:22.2.0:20:5
MERGED from com.google.android.gms:play-services-appindexing:8.1.0:18:5
MERGED from com.google.android.gms:play-services-basement:8.1.0:18:5
MERGED from com.android.support:support-v4:22.2.0:20:5
MERGED from com.google.android.gms:play-services-analytics:8.1.0:18:5
MERGED from com.google.android.gms:play-services-basement:8.1.0:18:5
MERGED from com.android.support:support-v4:22.2.0:20:5
MERGED from com.google.android.gms:play-services-ads:8.1.0:23:5
MERGED from com.google.android.gms:play-services-basement:8.1.0:18:5
MERGED from com.android.support:support-v4:22.2.0:20:5
MERGED from com.google.android.gms:play-services-appindexing:8.1.0:18:5
MERGED from com.google.android.gms:play-services-basement:8.1.0:18:5
MERGED from com.android.support:support-v4:22.2.0:20:5
MERGED from com.google.android.gms:play-services-appindexing:8.1.0:18:5
MERGED from com.google.android.gms:play-services-basement:8.1.0:18:5
MERGED from com.android.support:support-v4:22.2.0:20:5
MERGED from com.google.android.gms:play-services-appinvite:8.1.0:18:5
MERGED from com.google.android.gms:play-services-base:8.1.0:18:5
MERGED from com.google.android.gms:play-services-basement:8.1.0:18:5
MERGED from com.android.support:support-v4:22.2.0:20:5
MERGED from com.google.android.gms:play-services-appstate:8.1.0:18:5
MERGED from com.google.android.gms:play-services-base:8.1.0:18:5
MERGED from com.google.android.gms:play-services-basement:8.1.0:18:5
MERGED from com.android.support:support-v4:22.2.0:20:5
MERGED from com.google.android.gms:play-services-base:8.1.0:18:5
MERGED from com.google.android.gms:play-services-basement:8.1.0:18:5
MERGED from com.android.support:support-v4:22.2.0:20:5
MERGED from com.google.android.gms:play-services-basement:8.1.0:18:5
MERGED from com.android.support:support-v4:22.2.0:20:5
MERGED from com.google.android.gms:play-services-cast:8.1.0:18:5
MERGED from com.google.android.gms:play-services-base:8.1.0:18:5
MERGED from com.google.android.gms:play-services-basement:8.1.0:18:5
MERGED from com.android.support:support-v4:22.2.0:20:5
MERGED from com.android.support:mediarouter-v7:22.2.0:20:5
MERGED from com.android.support:appcompat-v7:22.2.0:20:5
MERGED from com.android.support:support-v4:22.2.0:20:5
MERGED from com.google.android.gms:play-services-drive:8.1.0:18:5
MERGED from com.google.android.gms:play-services-base:8.1.0:18:5
MERGED from com.google.android.gms:play-services-basement:8.1.0:18:5
MERGED from com.android.support:support-v4:22.2.0:20:5
MERGED from com.google.android.gms:play-services-fitness:8.1.0:18:5
MERGED from com.google.android.gms:play-services-base:8.1.0:18:5
MERGED from com.google.android.gms:play-services-basement:8.1.0:18:5
MERGED from com.android.support:support-v4:22.2.0:20:5
MERGED from com.google.android.gms:play-services-location:8.1.0:18:5
MERGED from com.google.android.gms:play-services-base:8.1.0:18:5
MERGED from com.google.android.gms:play-services-basement:8.1.0:18:5
MERGED from com.android.support:support-v4:22.2.0:20:5
MERGED from com.google.android.gms:play-services-maps:8.1.0:27:5
MERGED from com.google.android.gms:play-services-base:8.1.0:18:5
MERGED from com.google.android.gms:play-services-basement:8.1.0:18:5
MERGED from com.android.support:support-v4:22.2.0:20:5
MERGED from com.google.android.gms:play-services-games:8.1.0:18:5
MERGED from com.google.android.gms:play-services-base:8.1.0:18:5
MERGED from com.google.android.gms:play-services-basement:8.1.0:18:5
MERGED from com.android.support:support-v4:22.2.0:20:5
MERGED from com.google.android.gms:play-services-drive:8.1.0:18:5
MERGED from com.google.android.gms:play-services-base:8.1.0:18:5
MERGED from com.google.android.gms:play-services-basement:8.1.0:18:5
MERGED from com.android.support:support-v4:22.2.0:20:5
MERGED from com.google.android.gms:play-services-gcm:8.1.0:18:5
MERGED from com.google.android.gms:play-services-base:8.1.0:18:5
MERGED from com.google.android.gms:play-services-basement:8.1.0:18:5
MERGED from com.android.support:support-v4:22.2.0:20:5
MERGED from com.google.android.gms:play-services-identity:8.1.0:18:5
MERGED from com.google.android.gms:play-services-base:8.1.0:18:5
MERGED from com.google.android.gms:play-services-basement:8.1.0:18:5
MERGED from com.android.support:support-v4:22.2.0:20:5
MERGED from com.google.android.gms:play-services-location:8.1.0:18:5
MERGED from com.google.android.gms:play-services-base:8.1.0:18:5
MERGED from com.google.android.gms:play-services-basement:8.1.0:18:5
MERGED from com.android.support:support-v4:22.2.0:20:5
MERGED from com.google.android.gms:play-services-maps:8.1.0:27:5
MERGED from com.google.android.gms:play-services-base:8.1.0:18:5
MERGED from com.google.android.gms:play-services-basement:8.1.0:18:5
MERGED from com.android.support:support-v4:22.2.0:20:5
MERGED from com.google.android.gms:play-services-maps:8.1.0:27:5
MERGED from com.google.android.gms:play-services-base:8.1.0:18:5
MERGED from com.google.android.gms:play-services-basement:8.1.0:18:5
MERGED from com.android.support:support-v4:22.2.0:20:5
MERGED from com.google.android.gms:play-services-measurement:8.1.0:18:5
MERGED from com.google.android.gms:play-services-base:8.1.0:18:5
MERGED from com.google.android.gms:play-services-basement:8.1.0:18:5
MERGED from com.android.support:support-v4:22.2.0:20:5
MERGED from com.google.android.gms:play-services-analytics:8.1.0:18:5
MERGED from com.google.android.gms:play-services-basement:8.1.0:18:5
MERGED from com.android.support:support-v4:22.2.0:20:5
MERGED from com.google.android.gms:play-services-ads:8.1.0:23:5
MERGED from com.google.android.gms:play-services-basement:8.1.0:18:5
MERGED from com.android.support:support-v4:22.2.0:20:5
MERGED from com.google.android.gms:play-services-appindexing:8.1.0:18:5
MERGED from com.google.android.gms:play-services-basement:8.1.0:18:5
MERGED from com.android.support:support-v4:22.2.0:20:5
MERGED from com.google.android.gms:play-services-nearby:8.1.0:18:5
MERGED from com.google.android.gms:play-services-base:8.1.0:18:5
MERGED from com.google.android.gms:play-services-basement:8.1.0:18:5
MERGED from com.android.support:support-v4:22.2.0:20:5
MERGED from com.google.android.gms:play-services-panorama:8.1.0:18:5
MERGED from com.google.android.gms:play-services-base:8.1.0:18:5
MERGED from com.google.android.gms:play-services-basement:8.1.0:18:5
MERGED from com.android.support:support-v4:22.2.0:20:5
MERGED from com.google.android.gms:play-services-plus:8.1.0:18:5
MERGED from com.google.android.gms:play-services-base:8.1.0:18:5
MERGED from com.google.android.gms:play-services-basement:8.1.0:18:5
MERGED from com.android.support:support-v4:22.2.0:20:5
MERGED from com.google.android.gms:play-services-safetynet:8.1.0:18:5
MERGED from com.google.android.gms:play-services-base:8.1.0:18:5
MERGED from com.google.android.gms:play-services-basement:8.1.0:18:5
MERGED from com.android.support:support-v4:22.2.0:20:5
MERGED from com.google.android.gms:play-services-vision:8.1.0:4:5
MERGED from com.google.android.gms:play-services-base:8.1.0:18:5
MERGED from com.google.android.gms:play-services-basement:8.1.0:18:5
MERGED from com.android.support:support-v4:22.2.0:20:5
MERGED from com.google.android.gms:play-services-wallet:8.1.0:19:5
MERGED from com.google.android.gms:play-services-base:8.1.0:18:5
MERGED from com.google.android.gms:play-services-basement:8.1.0:18:5
MERGED from com.android.support:support-v4:22.2.0:20:5
MERGED from com.google.android.gms:play-services-identity:8.1.0:18:5
MERGED from com.google.android.gms:play-services-base:8.1.0:18:5
MERGED from com.google.android.gms:play-services-basement:8.1.0:18:5
MERGED from com.android.support:support-v4:22.2.0:20:5
MERGED from com.google.android.gms:play-services-maps:8.1.0:27:5
MERGED from com.google.android.gms:play-services-base:8.1.0:18:5
MERGED from com.google.android.gms:play-services-basement:8.1.0:18:5
MERGED from com.android.support:support-v4:22.2.0:20:5
MERGED from com.google.android.gms:play-services-wearable:8.1.0:18:5
MERGED from com.google.android.gms:play-services-base:8.1.0:18:5
MERGED from com.google.android.gms:play-services-basement:8.1.0:18:5
MERGED from com.android.support:support-v4:22.2.0:20:5
MERGED from com.journeyapps:zxing-android-embedded:2.3.0:19:5
MERGED from com.journeyapps:zxing-android-integration:2.3.0:5:5
MERGED from com.github.gcacace:signature-pad:1.0.1:7:5
MERGED from com.github.castorflex.smoothprogressbar:library:0.2.0:2:5
MERGED from com.balysv:material-ripple:1.0.2:8:5
	android:targetSdkVersion
		INJECTED from AndroidManifest.xml:0:0
		INJECTED from AndroidManifest.xml:0:0
	android:minSdkVersion
		INJECTED from AndroidManifest.xml:0:0
		INJECTED from AndroidManifest.xml:0:0
activity#android.support.v7.widget.TestActivity
ADDED from com.android.support:recyclerview-v7:22.0.0:23:9
	android:label
		ADDED from com.android.support:recyclerview-v7:22.0.0:25:13
	android:name
		ADDED from com.android.support:recyclerview-v7:22.0.0:24:13
activity#com.google.android.gms.ads.AdActivity
ADDED from com.google.android.gms:play-services-ads:8.1.0:26:9
MERGED from com.google.android.gms:play-services-ads:8.1.0:26:9
MERGED from com.google.android.gms:play-services-ads:8.1.0:26:9
	android:configChanges
		ADDED from com.google.android.gms:play-services-ads:8.1.0:28:13
	android:theme
		ADDED from com.google.android.gms:play-services-ads:8.1.0:29:13
	android:name
		ADDED from com.google.android.gms:play-services-ads:8.1.0:27:13
activity#com.google.android.gms.ads.purchase.InAppPurchaseActivity
ADDED from com.google.android.gms:play-services-ads:8.1.0:30:9
MERGED from com.google.android.gms:play-services-ads:8.1.0:30:9
MERGED from com.google.android.gms:play-services-ads:8.1.0:30:9
	android:theme